2019-07-23 17:53:40,566|I|Thread-1|(DELAYED) nexial-core dev_0580 starting up...
2019-07-23 17:53:40,566|I|Thread-1|(DELAYED) data file resolved as C:\Users\SHAGUF~1.NIS\AppData\Local\Temp\IpCYx\WebAutomation.data.xlsx
2019-07-23 17:53:40,566|I|Thread-1|(DELAYED) input files and output directory resolved...
2019-07-23 17:53:40,566|I|Thread-1|(DELAYED) No predefined nexial-setup found
2019-07-23 17:53:40,566|I|Thread-1|(DELAYED) [20190723_175340] [C:\projects\WebAutomation\artifact\script\WebAutomation.xlsx] resolve RUN ID as 20190723_175340
2019-07-23 17:53:40,566|I|Thread-1|(DELAYED) [20190723_175340] [C:\projects\WebAutomation\artifact\script\WebAutomation.xlsx] new thread started
2019-07-23 17:53:40,566|I|Thread-1|No predefined nexial-setup found
2019-07-23 17:53:40,644|I|Thread-1|outputBase not set; output-to-cloud DISABLED!
2019-07-23 17:53:40,644|I|Thread-1|accessKey not set; output-to-cloud DISABLED!
2019-07-23 17:53:40,644|I|Thread-1|secretKey not set; output-to-cloud DISABLED!
2019-07-23 17:53:40,675|I|Thread-1|missing REQUIRED configuration; sms DISABLED!
2019-07-23 17:53:41,425|I|Thread-1|[20190723_175340] executing C:\projects\WebAutomation\artifact\script\WebAutomation.xlsx with 1 iteration(s)
2019-07-23 17:53:41,441|I|Thread-1|[20190723_175340] create directory C:\projects\WebAutomation\output\20190723_175340\captures
2019-07-23 17:53:41,441|I|Thread-1|[20190723_175340] create directory C:\projects\WebAutomation\output\20190723_175340\logs
2019-07-23 17:53:42,097|I|Thread-1|[20190723_175340] merging test data to tmp file C:\projects\WebAutomation\output\20190723_175340\WebAutomation.20190723_175341.001.xlsx
2019-07-23 17:53:42,097|I|Thread-1|refetching data from C:\projects\WebAutomation\artifact\data\WebAutomation.data.xlsx
2019-07-23 17:53:42,394|I|Thread-1|[20190723_175340] test script and test data merged to C:\projects\WebAutomation\output\20190723_175340\WebAutomation.20190723_175341.001.xlsx
2019-07-23 17:53:43,181|I|Thread-1|STARTS
2019-07-23 17:53:43,212|I|Thread-1|WebAutomation.20190723_175341.001 - executing iteration #1 of 1; Iteration Id 1
2019-07-23 17:53:43,212|I|Thread-1|WebAutomation.20190723_175341.001|Scenario - executing test scenario
2019-07-23 17:53:43,212|I|Thread-1|WebAutomation.20190723_175341.001|Scenario|Activity 1 - executing activity
2019-07-23 17:53:43,837|I|Thread-1|WebAutomation.20190723_175341.001|Scenario|Activity 1|#  5|web.open(url) - executing open(url)(https://www.google.com/)
2019-07-23 17:53:43,837|I|Thread-1|No valid instance of webdriver, initializing...
2019-07-23 17:53:43,837|I|Thread-1|init firefox
2019-07-23 17:53:44,076|I|Thread-1|WebAutomation.20190723_175341.001|Scenario|Activity 1|#  5|web.open(url) - Executing request GET https://api.github.com/repos/mozilla/geckodriver/releases/latest HTTP/1.1
2019-07-23 17:53:44,078|I|Thread-1|Executing request GET https://api.github.com/repos/mozilla/geckodriver/releases/latest HTTP/1.1
2019-07-23 17:53:45,384|I|Thread-1|WebAutomation.20190723_175341.001|Scenario|Activity 1|#  5|web.open(url) - Executed request GET https://api.github.com/repos/mozilla/geckodriver/releases/latest HTTP/1.1: HTTP/1.1 200 OK
2019-07-23 17:53:45,400|I|Thread-1|Executed request GET https://api.github.com/repos/mozilla/geckodriver/releases/latest HTTP/1.1: HTTP/1.1 200 OK
2019-07-23 17:53:45,400|I|Thread-1|WebAutomation.20190723_175341.001|Scenario|Activity 1|#  5|web.open(url) - Saving response payload as raw bytes to Response object
2019-07-23 17:53:45,400|I|Thread-1|Saving response payload as raw bytes to Response object
2019-07-23 17:53:45,431|I|Thread-1|WebAutomation.20190723_175341.001|Scenario|Activity 1|#  5|web.open(url) - Executing request GET https://github.com/mozilla/geckodriver/releases/download/v0.24.0/geckodriver-v0.24.0-win64.zip HTTP/1.1
2019-07-23 17:53:45,431|I|Thread-1|Executing request GET https://github.com/mozilla/geckodriver/releases/download/v0.24.0/geckodriver-v0.24.0-win64.zip HTTP/1.1
2019-07-23 17:53:47,056|I|Thread-1|WebAutomation.20190723_175341.001|Scenario|Activity 1|#  5|web.open(url) - Executed request GET https://github.com/mozilla/geckodriver/releases/download/v0.24.0/geckodriver-v0.24.0-win64.zip HTTP/1.1: HTTP/1.1 200 OK
2019-07-23 17:53:47,072|I|Thread-1|Executed request GET https://github.com/mozilla/geckodriver/releases/download/v0.24.0/geckodriver-v0.24.0-win64.zip HTTP/1.1: HTTP/1.1 200 OK
2019-07-23 17:53:47,072|I|Thread-1|WebAutomation.20190723_175341.001|Scenario|Activity 1|#  5|web.open(url) - Saving response payload to C:\Users\shagufta.nisar\.nexial\firefox\geckodriver.exe.zip
2019-07-23 17:53:47,072|I|Thread-1|Saving response payload to C:\Users\shagufta.nisar\.nexial\firefox\geckodriver.exe.zip
2019-07-23 17:53:49,071|I|Thread-1|[C:\Users\shagufta.nisar\.nexial\firefox\geckodriver.exe.zip]: Unzipping to C:\Users\shagufta.nisar\.nexial\firefox\geckodriver.exe
2019-07-23 17:53:49,212|I|Thread-1|[WebDriverHelper] webdriver for firefox downloaded to C:\Users\shagufta.nisar\.nexial\firefox\geckodriver.exe
2019-07-23 17:53:49,446|E|Thread-1|Error initializing browser 'firefox': org.openqa.selenium.WebDriverException: Cannot find firefox binary in PATH. Make sure firefox is installed. OS appears to be: WIN10
Build info: version: '3.141.59', revision: 'e82be7d358', time: '2018-11-14T08:17:03'
System info: host: 'ATMECSINDT-051', ip: '50.50.50.123', os.name: 'Windows 10', os.arch: 'amd64', os.version: '10.0', java.version: '12.0.1'
Driver info: driver.version: FirefoxDriver
2019-07-23 17:53:49,618|E|Thread-1|WebAutomation.20190723_175341.001|Scenario|Activity 1|#  5|web.open(url) - FAIL Error initializing browser 'firefox': org.openqa.selenium.WebDriverException: Cannot find firefox binary in PATH. Make sure firefox is installed. OS appears to be: WIN10
Build info: version: '3.141.59', revision: 'e82be7d358', time: '2018-11-14T08:17:03'
System info: host: 'ATMECSINDT-051', ip: '50.50.50.123', os.name: 'Windows 10', os.arch: 'amd64', os.version: '10.0', java.version: '12.0.1'
Driver info: driver.version: FirefoxDriver
2019-07-23 17:53:49,618|I|Thread-1|WebAutomation.20190723_175341.001|Scenario|Activity 1 - [ABORT] due to failure on fail-fast command: web.open(url)
2019-07-23 17:53:49,790|I|Thread-1|[WebAutomation.20190723_175341.001|Scenario] saving test scenario
2019-07-23 17:53:49,884|I|Thread-1|WebAutomation.20190723_175341.001 - [ABORT] fail-immediate in effect - test execution will stop now.
2019-07-23 17:53:49,899|I|Thread-1|[20190723_175340] 
/-TEST COMPLETE-----------------------------------------------------------------
| Test Output:    C:\projects\WebAutomation\output\20190723_175340\WebAutomation.20190723_175341.001.xlsx
| Iteration:      1
\-------------------------------------------------------------------------------
» Execution Time: 6687 ms
» Test Steps:     5
» Error(s):       1



2019-07-23 17:53:49,899|I|Thread-1|WebAutomation.20190723_175341.001 - [ABORT] fail-immediate in effect - test execution will stop now.
2019-07-23 17:53:50,696|I|Thread-1|[20190723_175340] 
/-TEST COMPLETE-----------------------------------------------------------------
| Test Script:    C:\projects\WebAutomation\artifact\script\WebAutomation.xlsx
\-------------------------------------------------------------------------------
» Execution Time: 10313 ms
» Iterations:     [1] total 1
» Test Steps:     5
» Passed:         0
» Error(s):       1
» Iteration 1 of 1: C:\projects\WebAutomation\output\20190723_175340\WebAutomation.20190723_175341.001.xlsx



2019-07-23 17:53:51,477|I|main|[20190723_175340] [C:\projects\WebAutomation\artifact\script\WebAutomation.xlsx] now completed
2019-07-23 17:53:51,477|I|main|[20190723_175340] all execution thread(s) have terminated
2019-07-23 17:53:51,477|I|main|[20190723_175340] test run completed in about 11 seconds
2019-07-23 17:53:51,587|I|main|No predefined nexial-setup found
2019-07-23 17:53:51,633|I|main|outputBase not set; output-to-cloud DISABLED!
2019-07-23 17:53:51,633|I|main|accessKey not set; output-to-cloud DISABLED!
2019-07-23 17:53:51,633|I|main|secretKey not set; output-to-cloud DISABLED!
2019-07-23 17:53:51,633|I|main|generating HTML output for this execution to C:\projects\WebAutomation\output\20190723_175340\execution-output.html
2019-07-23 17:53:52,321|I|main|generating JUnit XML output for this execution to C:\projects\WebAutomation\output\20190723_175340\junit.xml
2019-07-23 17:53:52,383|I|main|generated JUnit report for this execution: C:\projects\WebAutomation\output\20190723_175340\junit.xml
2019-07-23 17:53:52,383|I|main|nexial mailer not enabled: nexial.enableEmail=false
2019-07-23 17:53:52,383|I|main|skipped email notification as configured
2019-07-23 17:53:52,383|I|main|exiting Nexial...
2019-07-23 17:53:52,383|I|main|

/-END OF EXECUTION--------------------------------------------------------------
| » Execution Time: 11 sec.
| » Test Steps....: 1
| » Passed........: 0
| » Failed........: 1
| » Success Rate..: 0.00%
\----------------------------------------------------------nexial-core dev_0580-

2019-07-23 17:53:52,383|E|main|failure found; success rate is 0.00%
2019-07-23 17:53:52,399|I|main|End of Execution:
NEXIAL_OUTPUT:         C:\projects\WebAutomation\output\20190723_175340
NEXIAL_EXECUTION_HTML: C:\projects\WebAutomation\output\20190723_175340\execution-output.html
NEXIAL_JUNIT_XML:      C:\projects\WebAutomation\output\20190723_175340\junit.xml
NEXIAL_SUCCESS_RATE:   0.00%
NEXIAL_EXIT_STATUS:    -13
